[2024-03-17 16:04:39,160: INFO: main: >>>>>> stage Data Ingestion stage started <<<<<<]
[2024-03-17 16:04:39,162: INFO: common: yaml file: config/config.yaml loaded successfully]
[2024-03-17 16:04:39,163: INFO: common: yaml file: params.yaml loaded successfully]
[2024-03-17 16:04:39,164: INFO: common: yaml file: schema.yaml loaded successfully]
[2024-03-17 16:04:39,164: INFO: common: created directory at: artifacts]
[2024-03-17 16:04:39,164: INFO: common: created directory at: artifacts/data_ingestion]
[2024-03-17 16:04:39,164: INFO: data_ingestion: File already exists of size: ~ 25 KB]
[2024-03-17 16:04:39,166: INFO: main: >>>>>> stage Data Ingestion stage completed <<<<<<

x==========x]
[2024-03-17 16:04:39,166: INFO: main: >>>>>> stage Data Validation stage started <<<<<<]
[2024-03-17 16:04:39,168: INFO: common: yaml file: config/config.yaml loaded successfully]
[2024-03-17 16:04:39,168: INFO: common: yaml file: params.yaml loaded successfully]
[2024-03-17 16:04:39,169: INFO: common: yaml file: schema.yaml loaded successfully]
[2024-03-17 16:04:39,169: INFO: common: created directory at: artifacts]
[2024-03-17 16:04:39,170: INFO: common: created directory at: artifacts/data_validation]
[2024-03-17 16:04:39,174: INFO: main: >>>>>> stage Data Validation stage completed <<<<<<

x==========x]
[2024-03-17 16:04:39,174: INFO: main: >>>>>> stage Data Transformation stage started <<<<<<]
[2024-03-17 16:04:39,176: INFO: common: yaml file: config/config.yaml loaded successfully]
[2024-03-17 16:04:39,177: INFO: common: yaml file: params.yaml loaded successfully]
[2024-03-17 16:04:39,178: INFO: common: yaml file: schema.yaml loaded successfully]
[2024-03-17 16:04:39,179: INFO: common: created directory at: artifacts]
[2024-03-17 16:04:39,179: INFO: common: created directory at: artifacts/data_transformation]
[2024-03-17 16:04:39,189: INFO: data_transformation: Splited data into training and test sets]
[2024-03-17 16:04:39,189: INFO: data_transformation: (1199, 12)]
[2024-03-17 16:04:39,189: INFO: data_transformation: (400, 12)]
[2024-03-17 16:04:39,189: INFO: main: >>>>>> stage Data Transformation stage completed <<<<<<

x==========x]
[2024-03-17 16:04:39,189: INFO: main: >>>>>> stage Model Trainer stage started <<<<<<]
[2024-03-17 16:04:39,191: INFO: common: yaml file: config/config.yaml loaded successfully]
[2024-03-17 16:04:39,191: INFO: common: yaml file: params.yaml loaded successfully]
[2024-03-17 16:04:39,192: INFO: common: yaml file: schema.yaml loaded successfully]
[2024-03-17 16:04:39,192: INFO: common: created directory at: artifacts]
[2024-03-17 16:04:39,192: INFO: common: created directory at: artifacts/model_trainer]
[2024-03-17 16:04:39,200: INFO: main: >>>>>> stage Model Trainer stage completed <<<<<<

x==========x]
[2024-03-17 16:04:39,200: INFO: main: >>>>>> stage Model evaluation stage started <<<<<<]
[2024-03-17 16:04:39,207: INFO: common: yaml file: config/config.yaml loaded successfully]
[2024-03-17 16:04:39,209: INFO: common: yaml file: params.yaml loaded successfully]
[2024-03-17 16:04:39,211: INFO: common: yaml file: schema.yaml loaded successfully]
[2024-03-17 16:04:39,211: INFO: common: created directory at: artifacts]
[2024-03-17 16:04:39,211: INFO: common: created directory at: artifacts/model_evaluation]
[2024-03-17 16:04:41,038: INFO: common: json file saved at: artifacts/model_evaluation/metrics.json]
[2024-03-17 16:04:49,194: INFO: main: >>>>>> stage Model evaluation stage completed <<<<<<

x==========x]
